{"type":"server-started","port":57200,"host":"127.0.0.1","url_host":"localhost","url":"http://localhost:57200","screen_dir":"/Users/luomingzhi/recoder/.superpowers/brainstorm/2634-1780387639/content","state_dir":"/Users/luomingzhi/recoder/.superpowers/brainstorm/2634-1780387639/state"}
{"type":"screen-added","file":"/Users/luomingzhi/recoder/.superpowers/brainstorm/2634-1780387639/content/navigation-layout.html"}
{"source":"user-event","type":"click","text":"B\n    \n      侧边抽屉导航 (Drawer)\n      左侧滑出菜单，主界面更干净，适合功能较多的情况","choice":"drawer","id":null,"timestamp":1780387739998}
{"source":"user-event","type":"click","text":"B\n    \n      侧边抽屉导航 (Drawer)\n      左侧滑出菜单，主界面更干净，适合功能较多的情况","choice":"drawer","id":null,"timestamp":1780387740780}
{"source":"user-event","type":"click","text":"B\n    \n      侧边抽屉导航 (Drawer)\n      左侧滑出菜单，主界面更干净，适合功能较多的情况","choice":"drawer","id":null,"timestamp":1780387741281}
{"source":"user-event","type":"click","text":"A\n    \n      底部导航栏 (Bottom Navigation)\n      3-5 个主要标签页在底部，拇指可及\n      \n        \n          \n            \n              🏋️\n              训练\n            \n            \n              📊\n              进度\n            \n            \n              👤\n              我的","choice":"bottom-bar","id":null,"timestamp":1780387742065}
{"source":"user-event","type":"click","text":"A\n    \n      底部导航栏 (Bottom Navigation)\n      3-5 个主要标签页在底部，拇指可及\n      \n        \n          \n            \n              🏋️\n              训练\n            \n            \n              📊\n              进度\n            \n            \n              👤\n              我的","choice":"bottom-bar","id":null,"timestamp":1780387755564}
{"source":"user-event","type":"click","text":"A\n    \n      底部导航栏 (Bottom Navigation)\n      3-5 个主要标签页在底部，拇指可及\n      \n        \n          \n            \n              🏋️\n              训练\n            \n            \n              📊\n              进度\n            \n            \n              👤\n              我的","choice":"bottom-bar","id":null,"timestamp":1780387755747}
{"source":"user-event","type":"click","text":"B\n    \n      侧边抽屉导航 (Drawer)\n      左侧滑出菜单，主界面更干净，适合功能较多的情况","choice":"drawer","id":null,"timestamp":1780387756697}
{"source":"user-event","type":"click","text":"C\n    \n      顶部 Tab 导航\n      顶部标签页切换，适合较少分类","choice":"tabs-top","id":null,"timestamp":1780387757463}
{"source":"user-event","type":"click","text":"A\n    \n      底部导航栏 (Bottom Navigation)\n      3-5 个主要标签页在底部，拇指可及\n      \n        \n          \n            \n              🏋️\n              训练\n            \n            \n              📊\n              进度\n            \n            \n              👤\n              我的","choice":"bottom-bar","id":null,"timestamp":1780387758797}
{"source":"user-event","type":"click","text":"A\n    \n      底部导航栏 (Bottom Navigation)\n      3-5 个主要标签页在底部，拇指可及\n      \n        \n          \n            \n              🏋️\n              训练\n            \n            \n              📊\n              进度\n            \n            \n              👤\n              我的","choice":"bottom-bar","id":null,"timestamp":1780387759030}
{"type":"screen-added","file":"/Users/luomingzhi/recoder/.superpowers/brainstorm/2634-1780387639/content/tab-layout.html"}
{"source":"user-event","type":"click","text":"A\n    \n      4 个标签页\n      \n        \n          \n            \n              🏋️\n              训练\n            \n            \n              📈\n              进度\n            \n            \n              📋\n              计划\n            \n            \n              ⚙️\n              设置\n            \n          \n        \n      \n      训练 | 进度 | 计划 | 设置身体数据归入设置页面","choice":"4-tabs","id":null,"timestamp":1780387891514}
{"source":"user-event","type":"click","text":"B\n    \n      5 个标签页\n      \n        \n          \n            \n              🏋️\n              训练\n            \n            \n              📈\n              进度\n            \n            \n              📋\n              计划\n            \n            \n              📏\n              身体\n            \n            \n              ⚙️\n              设置\n            \n          \n        \n      \n      训练 | 进度 | 计划 | 身体 | 设置每个功能独立入口","choice":"5-tabs","id":null,"timestamp":1780387892597}
{"source":"user-event","type":"click","text":"B\n    \n      5 个标签页\n      \n        \n          \n            \n              🏋️\n              训练\n            \n            \n              📈\n              进度\n            \n            \n              📋\n              计划\n            \n            \n              📏\n              身体\n            \n            \n              ⚙️\n              设置\n            \n          \n        \n      \n      训练 | 进度 | 计划 | 身体 | 设置每个功能独立入口","choice":"5-tabs","id":null,"timestamp":1780387893047}
{"source":"user-event","type":"click","text":"B\n    \n      5 个标签页\n      \n        \n          \n            \n              🏋️\n              训练\n            \n            \n              📈\n              进度\n            \n            \n              📋\n              计划\n            \n            \n              📏\n              身体\n            \n            \n              ⚙️\n              设置\n            \n          \n        \n      \n      训练 | 进度 | 计划 | 身体 | 设置每个功能独立入口","choice":"5-tabs","id":null,"timestamp":1780387893246}
{"source":"user-event","type":"click","text":"B\n    \n      5 个标签页\n      \n        \n          \n            \n              🏋️\n              训练\n            \n            \n              📈\n              进度\n            \n            \n              📋\n              计划\n            \n            \n              📏\n              身体\n            \n            \n              ⚙️\n              设置\n            \n          \n        \n      \n      训练 | 进度 | 计划 | 身体 | 设置每个功能独立入口","choice":"5-tabs","id":null,"timestamp":1780387894170}
{"source":"user-event","type":"click","text":"A\n    \n      4 个标签页\n      \n        \n          \n            \n              🏋️\n              训练\n            \n            \n              📈\n              进度\n            \n            \n              📋\n              计划\n            \n            \n              ⚙️\n              设置\n            \n          \n        \n      \n      训练 | 进度 | 计划 | 设置身体数据归入设置页面","choice":"4-tabs","id":null,"timestamp":1780387894880}
{"type":"screen-added","file":"/Users/luomingzhi/recoder/.superpowers/brainstorm/2634-1780387639/content/training-flow.html"}
{"type":"screen-added","file":"/Users/luomingzhi/recoder/.superpowers/brainstorm/2634-1780387639/content/exercise-input.html"}
{"source":"user-event","type":"click","text":"C\n    \n      快捷点按式\n      完成一组后快速点按记录，适合组间休息时操作\n      \n        \n          \n            重量\n            60\n            kg\n          \n          \n            次数\n            12\n            次\n          \n        \n        \n          完成 ✓ (已记录 3 组)","choice":"quick-tap","id":null,"timestamp":1780388180748}
{"type":"screen-added","file":"/Users/luomingzhi/recoder/.superpowers/brainstorm/2634-1780387639/content/exercise-library.html"}
{"source":"user-event","type":"click","text":"B\n    \n      完全自定义\n      动作库为空，用户自己逐个添加需要的动作\n      适合有特定训练体系的高级用户","choice":"custom","id":null,"timestamp":1780388207280}
{"source":"user-event","type":"click","text":"C\n    \n      预设 + 自定义（推荐）\n      App 提供预设动作库，用户也可以随时添加/编辑自己的动作\n      \n        ✅ 推荐：兼顾易用性和灵活性","choice":"both","id":null,"timestamp":1780388209130}
{"source":"user-event","type":"click","text":"B\n    \n      完全自定义\n      动作库为空，用户自己逐个添加需要的动作\n      适合有特定训练体系的高级用户","choice":"custom","id":null,"timestamp":1780388210265}
{"source":"user-event","type":"click","text":"A\n    \n      预设常用动作库\n      App 自带常见训练动作（卧推、深蹲、硬拉、弯举等），开箱即用\n      \n        💪 胸部：卧推、飞鸟、上斜卧推 ...\n        🦵 腿部：深蹲、腿举、弓步蹲 ...\n        🔙 背部：引体向上、划船、硬拉 ...\n        🏋️ 肩部：推举、侧平举、前平举 ...\n        💥 手臂：弯举、三头下压 ...","choice":"preset","id":null,"timestamp":1780388214367}
{"source":"user-event","type":"click","text":"C\n    \n      预设 + 自定义（推荐）\n      App 提供预设动作库，用户也可以随时添加/编辑自己的动作\n      \n        ✅ 推荐：兼顾易用性和灵活性","choice":"both","id":null,"timestamp":1780388219597}
{"type":"screen-added","file":"/Users/luomingzhi/recoder/.superpowers/brainstorm/2634-1780387639/content/design-overview.html"}
{"type":"screen-added","file":"/Users/luomingzhi/recoder/.superpowers/brainstorm/2634-1780387639/content/calendar-layout.html"}
{"type":"screen-added","file":"/Users/luomingzhi/recoder/.superpowers/brainstorm/2634-1780387639/content/page-wireframes.html"}
{"type":"screen-added","file":"/Users/luomingzhi/recoder/.superpowers/brainstorm/2634-1780387639/content/waiting.html"}
{"type":"screen-added","file":"/Users/luomingzhi/recoder/.superpowers/brainstorm/2634-1780387639/content/all-pages-mockup.html"}
{"type":"screen-added","file":"/Users/luomingzhi/recoder/.superpowers/brainstorm/2634-1780387639/content/interactive-prototype.html"}
{"type":"screen-added","file":"/Users/luomingzhi/recoder/.superpowers/brainstorm/2634-1780387639/content/interactive-prototype-v2.html"}
{"type":"screen-added","file":"/Users/luomingzhi/recoder/.superpowers/brainstorm/2634-1780387639/content/interactive-prototype-v3.html"}
{"type":"screen-added","file":"/Users/luomingzhi/recoder/.superpowers/brainstorm/2634-1780387639/content/interactive-prototype-v4.html"}
{"type":"screen-added","file":"/Users/luomingzhi/recoder/.superpowers/brainstorm/2634-1780387639/content/interactive-prototype-v5.html"}
{"type":"screen-updated","file":"/Users/luomingzhi/recoder/.superpowers/brainstorm/2634-1780387639/content/interactive-prototype-v5.html"}
{"type":"screen-updated","file":"/Users/luomingzhi/recoder/.superpowers/brainstorm/2634-1780387639/content/interactive-prototype-v5.html"}
{"type":"screen-updated","file":"/Users/luomingzhi/recoder/.superpowers/brainstorm/2634-1780387639/content/interactive-prototype-v5.html"}
{"type":"screen-updated","file":"/Users/luomingzhi/recoder/.superpowers/brainstorm/2634-1780387639/content/interactive-prototype-v5.html"}
{"type":"screen-updated","file":"/Users/luomingzhi/recoder/.superpowers/brainstorm/2634-1780387639/content/interactive-prototype-v5.html"}
{"type":"screen-updated","file":"/Users/luomingzhi/recoder/.superpowers/brainstorm/2634-1780387639/content/interactive-prototype-v5.html"}
{"type":"screen-updated","file":"/Users/luomingzhi/recoder/.superpowers/brainstorm/2634-1780387639/content/interactive-prototype-v5.html"}
{"type":"screen-updated","file":"/Users/luomingzhi/recoder/.superpowers/brainstorm/2634-1780387639/content/interactive-prototype-v5.html"}
{"type":"screen-updated","file":"/Users/luomingzhi/recoder/.superpowers/brainstorm/2634-1780387639/content/interactive-prototype-v5.html"}
{"type":"screen-updated","file":"/Users/luomingzhi/recoder/.superpowers/brainstorm/2634-1780387639/content/interactive-prototype-v5.html"}
{"type":"screen-added","file":"/Users/luomingzhi/recoder/.superpowers/brainstorm/2634-1780387639/content/visual-styles.html"}
{"type":"screen-added","file":"/Users/luomingzhi/recoder/.superpowers/brainstorm/2634-1780387639/content/redesign-prototype.html"}
{"type":"server-stopped","reason":"idle timeout"}
